\BOOKMARK [0][-]{section*.1}{Acknowledgements}{}
\BOOKMARK [0][-]{section*.1}{Curriculum Vit\346}{}
\BOOKMARK [0][-]{section*.1}{Abstract}{}
\BOOKMARK [0][-]{chapter*.3}{List of Figures}{}
\BOOKMARK [0][-]{chapter*.4}{List of Tables}{}
\BOOKMARK [0][-]{chapter.1}{Introduction}{}
\BOOKMARK [1][-]{section.1.1}{Motivation and Background}{chapter.1}
\BOOKMARK [1][-]{section.1.2}{Organization}{chapter.1}
\BOOKMARK [0][-]{chapter.2}{Reason 1}{}
\BOOKMARK [1][-]{section.2.1}{Introduction}{chapter.2}
\BOOKMARK [0][-]{chapter.3}{Reason 2}{}
\BOOKMARK [1][-]{section.3.1}{Introduction}{chapter.3}
\BOOKMARK [0][-]{chapter.4}{Reason 4}{}
\BOOKMARK [1][-]{section.4.1}{Introduction}{chapter.4}
\BOOKMARK [0][-]{chapter.5}{Reason 5}{}
\BOOKMARK [1][-]{section.5.1}{Introduction}{chapter.5}
\BOOKMARK [0][-]{chapter.6}{Conclusions}{}
\BOOKMARK [1][-]{section.6.1}{Overview and Summary}{chapter.6}
\BOOKMARK [-1][-]{section.6.1}{Appendices}{}
\BOOKMARK [0][-]{appendix.A}{More Reasons}{section.6.1}
\BOOKMARK [1][-]{section.A.1}{Introduction}{appendix.A}
